# JRE version: Java(TM) SE Runtime Environment (9.0+11) (build 9.0.4+11)
# Java VM: Java HotSpot(TM) 64-Bit Server VM (9.0.4+11, mixed mode, tiered, compressed oops, g1 gc, windows-amd64)
Heap:
 garbage-first heap   total 408576K, used 217217K [0x0000000700000000, 0x0000000700100c78, 0x00000007c0000000)
  region size 1024K, 60 young (61440K), 2 survivors (2048K)
 Metaspace       used 99382K, capacity 102656K, committed 107216K, reserved 1140736K
  class space    used 14276K, capacity 14876K, committed 15824K, reserved 1048576K
GC Heap History (10 events):
Event: 3811.235 GC heap before
{Heap before GC invocations=749 (full 223):
 garbage-first heap   total 408576K, used 216211K [0x0000000700000000, 0x0000000700100c78, 0x00000007c0000000)
  region size 1024K, 60 young (61440K), 0 survivors (0K)
 Metaspace       used 99361K, capacity 102656K, committed 107216K, reserved 1140736K
  class space    used 14276K, capacity 14876K, committed 15824K, reserved 1048576K
}
Event: 3811.239 GC heap after
{Heap after GC invocations=750 (full 223):
 garbage-first heap   total 408576K, used 155461K [0x0000000700000000, 0x0000000700100c78, 0x00000007c0000000)
  region size 1024K, 1 young (1024K), 1 survivors (1024K)
 Metaspace       used 99361K, capacity 102656K, committed 107216K, reserved 1140736K
  class space    used 14276K, capacity 14876K, committed 15824K, reserved 1048576K
}
Event: 3811.246 GC heap before
{Heap before GC invocations=750 (full 223):
 garbage-first heap   total 408576K, used 155461K [0x0000000700000000, 0x0000000700100c78, 0x00000007c0000000)
  region size 1024K, 2 young (2048K), 1 survivors (1024K)
 Metaspace       used 99361K, capacity 102656K, committed 107216K, reserved 1140736K
  class space    used 14276K, capacity 14876K, committed 15824K, reserved 1048576K
}
Event: 3811.248 GC heap after
{Heap after GC invocations=751 (full 223):
 garbage-first heap   total 408576K, used 155184K [0x0000000700000000, 0x0000000700100c78, 0x00000007c0000000)
  region size 1024K, 1 young (1024K), 1 survivors (1024K)
 Metaspace       used 99361K, capacity 102656K, committed 107216K, reserved 1140736K
  class space    used 14276K, capacity 14876K, committed 15824K, reserved 1048576K
}
Event: 3811.792 GC heap before
{Heap before GC invocations=751 (full 223):
 garbage-first heap   total 408576K, used 215600K [0x0000000700000000, 0x0000000700100c78, 0x00000007c0000000)
  region size 1024K, 60 young (61440K), 1 survivors (1024K)
 Metaspace       used 99361K, capacity 102656K, committed 107216K, reserved 1140736K
  class space    used 14276K, capacity 14876K, committed 15824K, reserved 1048576K
}
Event: 3811.795 GC heap after
{Heap after GC invocations=752 (full 223):
 garbage-first heap   total 408576K, used 155260K [0x0000000700000000, 0x0000000700100c78, 0x00000007c0000000)
  region size 1024K, 1 young (1024K), 1 survivors (1024K)
 Metaspace       used 99361K, capacity 102656K, committed 107216K, reserved 1140736K
  class space    used 14276K, capacity 14876K, committed 15824K, reserved 1048576K
}
Event: 3813.374 GC heap before
{Heap before GC invocations=752 (full 223):
 garbage-first heap   total 408576K, used 216700K [0x0000000700000000, 0x0000000700100c78, 0x00000007c0000000)
  region size 1024K, 60 young (61440K), 1 survivors (1024K)
 Metaspace       used 99370K, capacity 102656K, committed 107216K, reserved 1140736K
  class space    used 14276K, capacity 14876K, committed 15824K, reserved 1048576K
}
Event: 3813.378 GC heap after
{Heap after GC invocations=753 (full 223):
 garbage-first heap   total 408576K, used 157751K [0x0000000700000000, 0x0000000700100c78, 0x00000007c0000000)
  region size 1024K, 2 young (2048K), 2 survivors (2048K)
 Metaspace       used 99370K, capacity 102656K, committed 107216K, reserved 1140736K
  class space    used 14276K, capacity 14876K, committed 15824K, reserved 1048576K
}
Event: 3814.553 GC heap before
{Heap before GC invocations=753 (full 223):
 garbage-first heap   total 408576K, used 217143K [0x0000000700000000, 0x0000000700100c78, 0x00000007c0000000)
  region size 1024K, 61 young (62464K), 2 survivors (2048K)
 Metaspace       used 99370K, capacity 102656K, committed 107216K, reserved 1140736K
  class space    used 14276K, capacity 14876K, committed 15824K, reserved 1048576K
}
Event: 3814.556 GC heap after
{Heap after GC invocations=754 (full 223):
 garbage-first heap   total 408576K, used 157825K [0x0000000700000000, 0x0000000700100c78, 0x00000007c0000000)
  region size 1024K, 2 young (2048K), 2 survivors (2048K)
 Metaspace       used 99370K, capacity 102656K, committed 107216K, reserved 1140736K
  class space    used 14276K, capacity 14876K, committed 15824K, reserved 1048576K
}

